Build started 8/21/2017 4:37:54 PM.
     1>Project "c:\Users\admin\documents\visual studio 2010\Projects\STATIC1\STATIC1\STATIC1.vcxproj" on node 2 (build target(s)).
     1>InitializeBuildStatus:
         Touching "Debug\STATIC1.unsuccessfulbuild".
       ClCompile:
         All outputs are up-to-date.
         C:\Program Files (x86)\Microsoft Visual Studio 10.0\VC\bin\CL.exe /c /ZI /nologo /W3 /WX- /Od /Oy- /D WIN32 /D _DEBUG /D _CONSOLE /D _UNICODE /D UNICODE /Gm /EHsc /RTC1 /MDd /GS /fp:precise /Zc:wchar_t /Zc:forScope /Yu"StdAfx.h" /Fp"Debug\STATIC1.pch" /Fo"Debug\\" /Fd"Debug\vc100.pdb" /Gd /TP /analyze- /errorReport:prompt STATIC1.cpp
         STATIC1.cpp
     1>c:\users\admin\documents\visual studio 2010\projects\static1\static1\static1.cpp(8): error C2144: syntax error : 'int' should be preceded by ';'
     1>c:\users\admin\documents\visual studio 2010\projects\static1\static1\static1.cpp(13): error C2059: syntax error : ')'
     1>c:\users\admin\documents\visual studio 2010\projects\static1\static1\static1.cpp(14): error C2143: syntax error : missing ';' before '{'
     1>Done Building Project "c:\Users\admin\documents\visual studio 2010\Projects\STATIC1\STATIC1\STATIC1.vcxproj" (build target(s)) -- FAILED.

Build FAILED.

Time Elapsed 00:00:00.21
