Build started 1/18/2018 3:24:25 PM.
     1>Project "C:\Users\admin\Documents\Visual Studio 2010\Projects\pattern1\pattern1\pattern1.vcxproj" on node 2 (build target(s)).
     1>InitializeBuildStatus:
         Touching "Debug\pattern1.unsuccessfulbuild".
       ClCompile:
         All outputs are up-to-date.
         C:\Program Files (x86)\Microsoft Visual Studio 10.0\VC\bin\CL.exe /c /ZI /nologo /W3 /WX- /Od /Oy- /D WIN32 /D _DEBUG /D _CONSOLE /D _UNICODE /D UNICODE /Gm /EHsc /RTC1 /MDd /GS /fp:precise /Zc:wchar_t /Zc:forScope /Yu"StdAfx.h" /Fp"Debug\pattern1.pch" /Fo"Debug\\" /Fd"Debug\vc100.pdb" /Gd /TP /analyze- /errorReport:prompt pattern1.cpp
         pattern1.cpp
     1>c:\users\admin\documents\visual studio 2010\projects\pattern1\pattern1\pattern1.cpp(62): error C2601: 'pattrn3' : local function definitions are illegal
                 c:\users\admin\documents\visual studio 2010\projects\pattern1\pattern1\pattern1.cpp(43): this line contains a '{' which has not yet been matched
     1>c:\users\admin\documents\visual studio 2010\projects\pattern1\pattern1\pattern1.cpp(77): fatal error C1075: end of file found before the left brace '{' at 'c:\users\admin\documents\visual studio 2010\projects\pattern1\pattern1\pattern1.cpp(43)' was matched
     1>Done Building Project "C:\Users\admin\Documents\Visual Studio 2010\Projects\pattern1\pattern1\pattern1.vcxproj" (build target(s)) -- FAILED.

Build FAILED.

Time Elapsed 00:00:00.23
