Build started 2/19/2018 10:46:11 AM.
     1>Project "C:\Users\admin\Documents\Visual Studio 2010\Projects\base\base\base.vcxproj" on node 2 (build target(s)).
     1>InitializeBuildStatus:
         Touching "Debug\base.unsuccessfulbuild".
       ClCompile:
         All outputs are up-to-date.
         C:\Program Files (x86)\Microsoft Visual Studio 10.0\VC\bin\CL.exe /c /ZI /nologo /W3 /WX- /Od /Oy- /D WIN32 /D _DEBUG /D _CONSOLE /D _UNICODE /D UNICODE /Gm /EHsc /RTC1 /MDd /GS /fp:precise /Zc:wchar_t /Zc:forScope /Yu"StdAfx.h" /Fp"Debug\base.pch" /Fo"Debug\\" /Fd"Debug\vc100.pdb" /Gd /TP /analyze- /errorReport:prompt base.cpp
         base.cpp
     1>c:\users\admin\documents\visual studio 2010\projects\base\base\base.cpp(107): warning C4996: 'scanf': This function or variable may be unsafe. Consider using scanf_s instead. To disable deprecation, use _CRT_SECURE_NO_WARNINGS. See online help for details.
                 c:\program files (x86)\microsoft visual studio 10.0\vc\include\stdio.h(304) : see declaration of 'scanf'
     1>c:\users\admin\documents\visual studio 2010\projects\base\base\base.cpp(108): warning C4996: 'fopen': This function or variable may be unsafe. Consider using fopen_s instead. To disable deprecation, use _CRT_SECURE_NO_WARNINGS. See online help for details.
                 c:\program files (x86)\microsoft visual studio 10.0\vc\include\stdio.h(234) : see declaration of 'fopen'
     1>c:\users\admin\documents\visual studio 2010\projects\base\base\base.cpp(115): error C2601: 'wmain' : local function definitions are illegal
                 c:\users\admin\documents\visual studio 2010\projects\base\base\base.cpp(91): this line contains a '{' which has not yet been matched
     1>c:\users\admin\documents\visual studio 2010\projects\base\base\base.cpp(119): fatal error C1075: end of file found before the left brace '{' at 'c:\users\admin\documents\visual studio 2010\projects\base\base\base.cpp(91)' was matched
     1>Done Building Project "C:\Users\admin\Documents\Visual Studio 2010\Projects\base\base\base.vcxproj" (build target(s)) -- FAILED.

Build FAILED.

Time Elapsed 00:00:00.73
