Build started 30-01-2018 20:35:37.
     1>Project "C:\Users\ASHISH\Documents\Visual Studio 2010\Projects\first\first\first.vcxproj" on node 2 (build target(s)).
     1>InitializeBuildStatus:
         Touching "Debug\first.unsuccessfulbuild".
       ClCompile:
         All outputs are up-to-date.
         c:\Program Files (x86)\Microsoft Visual Studio 10.0\VC\bin\CL.exe /c /ZI /nologo /W3 /WX- /Od /Oy- /D WIN32 /D _DEBUG /D _CONSOLE /D _UNICODE /D UNICODE /Gm /EHsc /RTC1 /MDd /GS /fp:precise /Zc:wchar_t /Zc:forScope /Yu"StdAfx.h" /Fp"Debug\first.pch" /Fo"Debug\\" /Fd"Debug\vc100.pdb" /Gd /TP /analyze- /errorReport:prompt aaa.cpp
         aaa.cpp
     1>c:\users\ashish\documents\visual studio 2010\projects\first\first\aaa.cpp(2): warning C4627: '#include "iostream"': skipped when looking for precompiled header use
                 Add directive to 'StdAfx.h' or rebuild precompiled header
     1>c:\users\ashish\documents\visual studio 2010\projects\first\first\aaa.cpp(3): warning C4627: '#include <string.h>': skipped when looking for precompiled header use
                 Add directive to 'StdAfx.h' or rebuild precompiled header
     1>c:\users\ashish\documents\visual studio 2010\projects\first\first\aaa.cpp(43): fatal error C1010: unexpected end of file while looking for precompiled header. Did you forget to add '#include "StdAfx.h"' to your source?
     1>Done Building Project "C:\Users\ASHISH\Documents\Visual Studio 2010\Projects\first\first\first.vcxproj" (build target(s)) -- FAILED.

Build FAILED.

Time Elapsed 00:00:04.40
