Build started 2/26/2018 10:35:28 AM.
     1>Project "C:\Users\admin\Documents\Visual Studio 2010\Projects\multiple_inheritance\multiple_inheritance\multiple_inheritance.vcxproj" on node 2 (build target(s)).
     1>InitializeBuildStatus:
         Touching "Debug\multiple_inheritance.unsuccessfulbuild".
       ClCompile:
         All outputs are up-to-date.
         C:\Program Files (x86)\Microsoft Visual Studio 10.0\VC\bin\CL.exe /c /ZI /nologo /W3 /WX- /Od /Oy- /D WIN32 /D _DEBUG /D _CONSOLE /D _UNICODE /D UNICODE /Gm /EHsc /RTC1 /MDd /GS /fp:precise /Zc:wchar_t /Zc:forScope /Yu"StdAfx.h" /Fp"Debug\multiple_inheritance.pch" /Fo"Debug\\" /Fd"Debug\vc100.pdb" /Gd /TP /analyze- /errorReport:prompt multiple_inheritance.cpp
         multiple_inheritance.cpp
     1>c:\users\admin\documents\visual studio 2010\projects\multiple_inheritance\multiple_inheritance\multiple_inheritance.cpp(8): error C2504: 'sec' : base class undefined
     1>Done Building Project "C:\Users\admin\Documents\Visual Studio 2010\Projects\multiple_inheritance\multiple_inheritance\multiple_inheritance.vcxproj" (build target(s)) -- FAILED.

Build FAILED.

Time Elapsed 00:00:00.24
