Build started 1/18/2018 2:34:12 PM.
     1>Project "c:\Users\admin\documents\visual studio 2010\Projects\newper\newper\newper.vcxproj" on node 2 (build target(s)).
     1>PrepareForBuild:
         Creating directory "c:\users\admin\documents\visual studio 2010\Projects\newper\Debug\".
       InitializeBuildStatus:
         Creating "Debug\newper.unsuccessfulbuild" because "AlwaysCreate" was specified.
       ClCompile:
         C:\Program Files (x86)\Microsoft Visual Studio 10.0\VC\bin\CL.exe /c /ZI /nologo /W3 /WX- /Od /Oy- /D WIN32 /D _DEBUG /D _CONSOLE /D _UNICODE /D UNICODE /Gm /EHsc /RTC1 /MDd /GS /fp:precise /Zc:wchar_t /Zc:forScope /Yc"StdAfx.h" /Fp"Debug\newper.pch" /Fo"Debug\\" /Fd"Debug\vc100.pdb" /Gd /TP /analyze- /errorReport:prompt stdafx.cpp
         stdafx.cpp
         C:\Program Files (x86)\Microsoft Visual Studio 10.0\VC\bin\CL.exe /c /ZI /nologo /W3 /WX- /Od /Oy- /D WIN32 /D _DEBUG /D _CONSOLE /D _UNICODE /D UNICODE /Gm /EHsc /RTC1 /MDd /GS /fp:precise /Zc:wchar_t /Zc:forScope /Yu"StdAfx.h" /Fp"Debug\newper.pch" /Fo"Debug\\" /Fd"Debug\vc100.pdb" /Gd /TP /analyze- /errorReport:prompt newper.cpp
         newper.cpp
     1>c:\users\admin\documents\visual studio 2010\projects\newper\newper\newper.cpp(13): error C2664: 'per' : cannot convert parameter 1 from 'char [4]' to 'int []'
                 Types pointed to are unrelated; conversion requires reinterpret_cast, C-style cast or function-style cast
     1>c:\users\admin\documents\visual studio 2010\projects\newper\newper\newper.cpp(25): error C2664: 'void std::swap<char*>(_Ty &,_Ty &)' : cannot convert parameter 1 from 'char *' to 'char *&'
                 with
                 [
                     _Ty=char *
                 ]
     1>c:\users\admin\documents\visual studio 2010\projects\newper\newper\newper.cpp(27): error C2664: 'void std::swap<char*>(_Ty &,_Ty &)' : cannot convert parameter 1 from 'char *' to 'char *&'
                 with
                 [
                     _Ty=char *
                 ]
     1>Done Building Project "c:\Users\admin\documents\visual studio 2010\Projects\newper\newper\newper.vcxproj" (build target(s)) -- FAILED.

Build FAILED.

Time Elapsed 00:00:00.42
