Build started 2/19/2018 11:24:57 AM.
     1>Project "C:\Users\admin\Documents\Visual Studio 2010\Projects\selection\selection\selection.vcxproj" on node 2 (build target(s)).
     1>InitializeBuildStatus:
         Touching "Debug\selection.unsuccessfulbuild".
       ClCompile:
         All outputs are up-to-date.
         C:\Program Files (x86)\Microsoft Visual Studio 10.0\VC\bin\CL.exe /c /ZI /nologo /W3 /WX- /Od /Oy- /D WIN32 /D _DEBUG /D _CONSOLE /D _UNICODE /D UNICODE /Gm /EHsc /RTC1 /MDd /GS /fp:precise /Zc:wchar_t /Zc:forScope /Yu"StdAfx.h" /Fp"Debug\selection.pch" /Fo"Debug\\" /Fd"Debug\vc100.pdb" /Gd /TP /analyze- /errorReport:prompt selection.cpp
         selection.cpp
     1>c:\users\admin\documents\visual studio 2010\projects\selection\selection\selection.cpp(41): fatal error C1075: end of file found before the left brace '{' at 'c:\users\admin\documents\visual studio 2010\projects\selection\selection\selection.cpp(9)' was matched
     1>Done Building Project "C:\Users\admin\Documents\Visual Studio 2010\Projects\selection\selection\selection.vcxproj" (build target(s)) -- FAILED.

Build FAILED.

Time Elapsed 00:00:00.22
